18:16:54 debug: 24/11/2024, 18:16:54
18:16:54 debug: Project: /Users/eve/chat-server/cocosQues
18:16:54 debug: Targets: editor,preview
18:16:54 debug: Incremental file seems great.
18:16:54 debug: Engine path: /Applications/Cocos/Creator/3.8.4/CocosCreator.app/Contents/Resources/resources/3d/engine
18:16:54 debug: Initializing target [Editor]
18:16:54 debug: Loading cache
18:16:54 debug: Loading cache costs 1.1485419273376465ms.
18:16:54 debug: Engine features shipped in editor: base,gfx-webgl,gfx-webgl2,gfx-empty,gfx-webgpu,3d,animation,skeletal-animation,2d,ui,particle,particle-2d,physics-framework,physics-2d-framework,physics-2d-box2d-wasm,intersection-2d,primitive,profiler,occlusion-query,geometry-renderer,debug-renderer,audio,video,xr,light-probe,terrain,webview,tween,tiled-map,spine,dragon-bones,marionette,procedural-animation,custom-pipeline,custom-pipeline-builtin-scripts,custom-pipeline-post-process,legacy-pipeline,websocket,websocket-server,meshopt
18:16:54 debug: Our import map(foo:/bar): {
  "imports": {
    "cc": "cce:/internal/x/cc"
  }
}
18:16:54 debug: Initializing target [Preview]
18:16:54 debug: Loading cache
18:16:54 debug: Loading cache costs 0.9084997177124023ms.
18:16:54 debug: Our import map(foo:/bar): {
  "imports": {
    "cc": "cce:/internal/x/cc"
  }
}
18:16:54 debug: Sync engine features: 2d,animation,audio,base,custom-pipeline,dragon-bones,gfx-webgl,gfx-webgl2,intersection-2d,particle-2d,physics-2d-box2d,profiler,spine,tiled-map,tween,ui,video,webview
18:16:54 debug: Reset databases. Enumerated domains: [
  {
    "root": "db://internal/",
    "physical": "/Applications/Cocos/Creator/3.8.4/CocosCreator.app/Contents/Resources/resources/3d/engine/editor/assets"
  },
  {
    "root": "db://assets/",
    "physical": "/Users/eve/chat-server/cocosQues/assets"
  }
]
18:16:54 debug: Our import map(foo:/bar): {
  "imports": {
    "cc": "cce:/internal/x/cc",
    "db://internal/": "file:///Applications/Cocos/Creator/3.8.4/CocosCreator.app/Contents/Resources/resources/3d/engine/editor/assets/",
    "db://assets/": "file:///Users/eve/chat-server/cocosQues/assets/"
  }
}
18:16:54 debug: Our import map(foo:/bar): {
  "imports": {
    "cc": "cce:/internal/x/cc",
    "db://internal/": "file:///Applications/Cocos/Creator/3.8.4/CocosCreator.app/Contents/Resources/resources/3d/engine/editor/assets/",
    "db://assets/": "file:///Users/eve/chat-server/cocosQues/assets/"
  }
}
18:16:54 debug: Pulling asset-db.
18:16:54 debug: Fetch asset-db cost: 2.9930830001831055ms.
18:16:54 debug: Build iteration starts.
Number of accumulated asset changes: 12
Feature changed: false
18:16:54 debug: Target(editor) build started.
18:16:54 debug: Detected change: cce:/internal/x/cc. Last mtime: Thu Jan 01 1970 07:30:15 GMT+0730 (Singapore Standard Time), Current mtime: Thu Jan 01 1970 07:30:05 GMT+0730 (Singapore Standard Time)
18:16:54 debug: Inspect cce:/internal/x/cc
18:16:54 debug: Resolve cce:/internal/x/cc-fu/base from cce:/internal/x/cc as external dependency cce:/internal/x/cc-fu/base.
18:16:54 debug: Resolve cce:/internal/x/cc-fu/gfx-webgl from cce:/internal/x/cc as external dependency cce:/internal/x/cc-fu/gfx-webgl.
18:16:54 debug: Resolve cce:/internal/x/cc-fu/gfx-webgl2 from cce:/internal/x/cc as external dependency cce:/internal/x/cc-fu/gfx-webgl2.
18:16:54 debug: Resolve cce:/internal/x/cc-fu/gfx-empty from cce:/internal/x/cc as external dependency cce:/internal/x/cc-fu/gfx-empty.
18:16:54 debug: Resolve cce:/internal/x/cc-fu/gfx-webgpu from cce:/internal/x/cc as external dependency cce:/internal/x/cc-fu/gfx-webgpu.
18:16:54 debug: Resolve cce:/internal/x/cc-fu/3d from cce:/internal/x/cc as external dependency cce:/internal/x/cc-fu/3d.
18:16:54 debug: Resolve cce:/internal/x/cc-fu/animation from cce:/internal/x/cc as external dependency cce:/internal/x/cc-fu/animation.
18:16:54 debug: Resolve cce:/internal/x/cc-fu/skeletal-animation from cce:/internal/x/cc as external dependency cce:/internal/x/cc-fu/skeletal-animation.
18:16:54 debug: Resolve cce:/internal/x/cc-fu/2d from cce:/internal/x/cc as external dependency cce:/internal/x/cc-fu/2d.
18:16:54 debug: Resolve cce:/internal/x/cc-fu/sorting from cce:/internal/x/cc as external dependency cce:/internal/x/cc-fu/sorting.
18:16:54 debug: Resolve cce:/internal/x/cc-fu/ui from cce:/internal/x/cc as external dependency cce:/internal/x/cc-fu/ui.
18:16:54 debug: Resolve cce:/internal/x/cc-fu/particle from cce:/internal/x/cc as external dependency cce:/internal/x/cc-fu/particle.
18:16:54 debug: Resolve cce:/internal/x/cc-fu/particle-2d from cce:/internal/x/cc as external dependency cce:/internal/x/cc-fu/particle-2d.
18:16:54 debug: Resolve cce:/internal/x/cc-fu/physics-framework from cce:/internal/x/cc as external dependency cce:/internal/x/cc-fu/physics-framework.
18:16:54 debug: Resolve cce:/internal/x/cc-fu/physics-2d-framework from cce:/internal/x/cc as external dependency cce:/internal/x/cc-fu/physics-2d-framework.
18:16:54 debug: Resolve cce:/internal/x/cc-fu/physics-2d-box2d-wasm from cce:/internal/x/cc as external dependency cce:/internal/x/cc-fu/physics-2d-box2d-wasm.
18:16:54 debug: Resolve cce:/internal/x/cc-fu/intersection-2d from cce:/internal/x/cc as external dependency cce:/internal/x/cc-fu/intersection-2d.
18:16:54 debug: Resolve cce:/internal/x/cc-fu/primitive from cce:/internal/x/cc as external dependency cce:/internal/x/cc-fu/primitive.
18:16:54 debug: Resolve cce:/internal/x/cc-fu/profiler from cce:/internal/x/cc as external dependency cce:/internal/x/cc-fu/profiler.
18:16:54 debug: Resolve cce:/internal/x/cc-fu/geometry-renderer from cce:/internal/x/cc as external dependency cce:/internal/x/cc-fu/geometry-renderer.
18:16:54 debug: Resolve cce:/internal/x/cc-fu/audio from cce:/internal/x/cc as external dependency cce:/internal/x/cc-fu/audio.
18:16:54 debug: Resolve cce:/internal/x/cc-fu/video from cce:/internal/x/cc as external dependency cce:/internal/x/cc-fu/video.
18:16:54 debug: Resolve cce:/internal/x/cc-fu/xr from cce:/internal/x/cc as external dependency cce:/internal/x/cc-fu/xr.
18:16:54 debug: Resolve cce:/internal/x/cc-fu/light-probe from cce:/internal/x/cc as external dependency cce:/internal/x/cc-fu/light-probe.
18:16:54 debug: Resolve cce:/internal/x/cc-fu/terrain from cce:/internal/x/cc as external dependency cce:/internal/x/cc-fu/terrain.
18:16:54 debug: Resolve cce:/internal/x/cc-fu/webview from cce:/internal/x/cc as external dependency cce:/internal/x/cc-fu/webview.
18:16:54 debug: Resolve cce:/internal/x/cc-fu/tween from cce:/internal/x/cc as external dependency cce:/internal/x/cc-fu/tween.
18:16:54 debug: Resolve cce:/internal/x/cc-fu/tiled-map from cce:/internal/x/cc as external dependency cce:/internal/x/cc-fu/tiled-map.
18:16:54 debug: Resolve cce:/internal/x/cc-fu/spine from cce:/internal/x/cc as external dependency cce:/internal/x/cc-fu/spine.
18:16:54 debug: Resolve cce:/internal/x/cc-fu/dragon-bones from cce:/internal/x/cc as external dependency cce:/internal/x/cc-fu/dragon-bones.
18:16:54 debug: Resolve cce:/internal/x/cc-fu/custom-pipeline from cce:/internal/x/cc as external dependency cce:/internal/x/cc-fu/custom-pipeline.
18:16:54 debug: Resolve cce:/internal/x/cc-fu/custom-pipeline-post-process from cce:/internal/x/cc as external dependency cce:/internal/x/cc-fu/custom-pipeline-post-process.
18:16:54 debug: Resolve cce:/internal/x/cc-fu/legacy-pipeline from cce:/internal/x/cc as external dependency cce:/internal/x/cc-fu/legacy-pipeline.
18:16:54 debug: Detected change: cce:/internal/x/prerequisite-imports. Last mtime: Sun Jan 04 1970 10:12:42 GMT+0730 (Singapore Standard Time), Current mtime: Thu Jan 01 1970 07:30:05 GMT+0730 (Singapore Standard Time)
18:16:54 debug: Inspect cce:/internal/x/prerequisite-imports
18:16:54 debug: Resolve file:///Applications/Cocos/Creator/3.8.4/CocosCreator.app/Contents/Resources/resources/3d/engine/editor/assets/default_renderpipeline/builtin-pipeline-settings.ts from cce:/internal/x/prerequisite-imports as file:///Applications/Cocos/Creator/3.8.4/CocosCreator.app/Contents/Resources/resources/3d/engine/editor/assets/default_renderpipeline/builtin-pipeline-settings.ts.
18:16:54 debug: Resolve cce:/internal/code-quality/cr.mjs from file:///Applications/Cocos/Creator/3.8.4/CocosCreator.app/Contents/Resources/resources/3d/engine/editor/assets/default_renderpipeline/builtin-pipeline-settings.ts as cce:/internal/code-quality/cr.mjs.
18:16:54 debug: Detected change: cce:/internal/code-quality/cr.mjs. Last mtime: Thu Nov 21 2024 15:17:16 GMT+0800 (Singapore Standard Time), Current mtime: Sun Nov 24 2024 18:16:48 GMT+0800 (Singapore Standard Time)
18:16:54 debug: Inspect cce:/internal/code-quality/cr.mjs
18:16:54 debug: Resolve cc from file:///Applications/Cocos/Creator/3.8.4/CocosCreator.app/Contents/Resources/resources/3d/engine/editor/assets/default_renderpipeline/builtin-pipeline-settings.ts as cce:/internal/x/cc.
18:16:54 debug: Resolve cc from file:///Applications/Cocos/Creator/3.8.4/CocosCreator.app/Contents/Resources/resources/3d/engine/editor/assets/default_renderpipeline/builtin-pipeline-settings.ts as cce:/internal/x/cc.
18:16:54 debug: Resolve cc from file:///Applications/Cocos/Creator/3.8.4/CocosCreator.app/Contents/Resources/resources/3d/engine/editor/assets/default_renderpipeline/builtin-pipeline-settings.ts as cce:/internal/x/cc.
18:16:54 debug: Resolve cc/env from file:///Applications/Cocos/Creator/3.8.4/CocosCreator.app/Contents/Resources/resources/3d/engine/editor/assets/default_renderpipeline/builtin-pipeline-settings.ts as external dependency cc/env.
18:16:54 debug: Resolve ./builtin-pipeline-types from file:///Applications/Cocos/Creator/3.8.4/CocosCreator.app/Contents/Resources/resources/3d/engine/editor/assets/default_renderpipeline/builtin-pipeline-settings.ts as file:///Applications/Cocos/Creator/3.8.4/CocosCreator.app/Contents/Resources/resources/3d/engine/editor/assets/default_renderpipeline/builtin-pipeline-types.ts.
18:16:54 debug: Resolve cc from file:///Applications/Cocos/Creator/3.8.4/CocosCreator.app/Contents/Resources/resources/3d/engine/editor/assets/default_renderpipeline/builtin-pipeline-types.ts as cce:/internal/x/cc.
18:16:54 debug: Resolve cc from file:///Applications/Cocos/Creator/3.8.4/CocosCreator.app/Contents/Resources/resources/3d/engine/editor/assets/default_renderpipeline/builtin-pipeline-types.ts as cce:/internal/x/cc.
18:16:54 debug: Resolve cc from file:///Applications/Cocos/Creator/3.8.4/CocosCreator.app/Contents/Resources/resources/3d/engine/editor/assets/default_renderpipeline/builtin-pipeline-types.ts as cce:/internal/x/cc.
18:16:54 debug: Resolve file:///Applications/Cocos/Creator/3.8.4/CocosCreator.app/Contents/Resources/resources/3d/engine/editor/assets/default_renderpipeline/builtin-pipeline-types.ts from cce:/internal/x/prerequisite-imports as file:///Applications/Cocos/Creator/3.8.4/CocosCreator.app/Contents/Resources/resources/3d/engine/editor/assets/default_renderpipeline/builtin-pipeline-types.ts.
18:16:54 debug: Resolve file:///Applications/Cocos/Creator/3.8.4/CocosCreator.app/Contents/Resources/resources/3d/engine/editor/assets/default_renderpipeline/builtin-pipeline.ts from cce:/internal/x/prerequisite-imports as file:///Applications/Cocos/Creator/3.8.4/CocosCreator.app/Contents/Resources/resources/3d/engine/editor/assets/default_renderpipeline/builtin-pipeline.ts.
18:16:54 debug: Resolve cce:/internal/code-quality/cr.mjs from file:///Applications/Cocos/Creator/3.8.4/CocosCreator.app/Contents/Resources/resources/3d/engine/editor/assets/default_renderpipeline/builtin-pipeline.ts as cce:/internal/code-quality/cr.mjs.
18:16:54 debug: Resolve cc from file:///Applications/Cocos/Creator/3.8.4/CocosCreator.app/Contents/Resources/resources/3d/engine/editor/assets/default_renderpipeline/builtin-pipeline.ts as cce:/internal/x/cc.
18:16:54 debug: Resolve cc from file:///Applications/Cocos/Creator/3.8.4/CocosCreator.app/Contents/Resources/resources/3d/engine/editor/assets/default_renderpipeline/builtin-pipeline.ts as cce:/internal/x/cc.
18:16:54 debug: Resolve cc/env from file:///Applications/Cocos/Creator/3.8.4/CocosCreator.app/Contents/Resources/resources/3d/engine/editor/assets/default_renderpipeline/builtin-pipeline.ts as external dependency cc/env.
18:16:54 debug: Resolve cc from file:///Applications/Cocos/Creator/3.8.4/CocosCreator.app/Contents/Resources/resources/3d/engine/editor/assets/default_renderpipeline/builtin-pipeline.ts as cce:/internal/x/cc.
18:16:54 debug: Resolve ./builtin-pipeline-types from file:///Applications/Cocos/Creator/3.8.4/CocosCreator.app/Contents/Resources/resources/3d/engine/editor/assets/default_renderpipeline/builtin-pipeline.ts as file:///Applications/Cocos/Creator/3.8.4/CocosCreator.app/Contents/Resources/resources/3d/engine/editor/assets/default_renderpipeline/builtin-pipeline-types.ts.
18:16:54 debug: Resolve file:///Applications/Cocos/Creator/3.8.4/CocosCreator.app/Contents/Resources/resources/3d/engine/editor/assets/tools/debug-view-runtime-control.ts from cce:/internal/x/prerequisite-imports as file:///Applications/Cocos/Creator/3.8.4/CocosCreator.app/Contents/Resources/resources/3d/engine/editor/assets/tools/debug-view-runtime-control.ts.
18:16:54 debug: Resolve cc from file:///Applications/Cocos/Creator/3.8.4/CocosCreator.app/Contents/Resources/resources/3d/engine/editor/assets/tools/debug-view-runtime-control.ts as cce:/internal/x/cc.
18:16:54 debug: Resolve cc from file:///Applications/Cocos/Creator/3.8.4/CocosCreator.app/Contents/Resources/resources/3d/engine/editor/assets/tools/debug-view-runtime-control.ts as cce:/internal/x/cc.
18:16:54 debug: Resolve cc from file:///Applications/Cocos/Creator/3.8.4/CocosCreator.app/Contents/Resources/resources/3d/engine/editor/assets/tools/debug-view-runtime-control.ts as cce:/internal/x/cc.
18:16:54 debug: Resolve file:///Users/eve/chat-server/cocosQues/assets/script/AnimationScript.ts from cce:/internal/x/prerequisite-imports as file:///Users/eve/chat-server/cocosQues/assets/script/AnimationScript.ts.
18:16:54 debug: Inspect file:///Users/eve/chat-server/cocosQues/assets/script/AnimationScript.ts
18:16:54 debug: Resolve cc from file:///Users/eve/chat-server/cocosQues/assets/script/AnimationScript.ts as cce:/internal/x/cc.
18:16:54 debug: Resolve cc from file:///Users/eve/chat-server/cocosQues/assets/script/AnimationScript.ts as cce:/internal/x/cc.
18:16:54 debug: Resolve cc from file:///Users/eve/chat-server/cocosQues/assets/script/AnimationScript.ts as cce:/internal/x/cc.
18:16:54 debug: Resolve file:///Users/eve/chat-server/cocosQues/assets/script/AudioController.ts from cce:/internal/x/prerequisite-imports as file:///Users/eve/chat-server/cocosQues/assets/script/AudioController.ts.
18:16:54 debug: Inspect file:///Users/eve/chat-server/cocosQues/assets/script/AudioController.ts
18:16:54 debug: Resolve cc from file:///Users/eve/chat-server/cocosQues/assets/script/AudioController.ts as cce:/internal/x/cc.
18:16:54 debug: Resolve cc from file:///Users/eve/chat-server/cocosQues/assets/script/AudioController.ts as cce:/internal/x/cc.
18:16:54 debug: Resolve cc from file:///Users/eve/chat-server/cocosQues/assets/script/AudioController.ts as cce:/internal/x/cc.
18:16:54 debug: Resolve file:///Users/eve/chat-server/cocosQues/assets/script/BetAgain.ts from cce:/internal/x/prerequisite-imports as file:///Users/eve/chat-server/cocosQues/assets/script/BetAgain.ts.
18:16:54 debug: Inspect file:///Users/eve/chat-server/cocosQues/assets/script/BetAgain.ts
18:16:54 debug: Resolve cce:/internal/code-quality/cr.mjs from file:///Users/eve/chat-server/cocosQues/assets/script/BetAgain.ts as cce:/internal/code-quality/cr.mjs.
18:16:54 debug: Resolve cc from file:///Users/eve/chat-server/cocosQues/assets/script/BetAgain.ts as cce:/internal/x/cc.
18:16:54 debug: Resolve cc from file:///Users/eve/chat-server/cocosQues/assets/script/BetAgain.ts as cce:/internal/x/cc.
18:16:54 debug: Resolve cc from file:///Users/eve/chat-server/cocosQues/assets/script/BetAgain.ts as cce:/internal/x/cc.
18:16:54 debug: Resolve ./BetZoneComponent from file:///Users/eve/chat-server/cocosQues/assets/script/BetAgain.ts as file:///Users/eve/chat-server/cocosQues/assets/script/BetZoneComponent.ts.
18:16:54 debug: Inspect file:///Users/eve/chat-server/cocosQues/assets/script/BetZoneComponent.ts
18:16:54 debug: Resolve cce:/internal/code-quality/cr.mjs from file:///Users/eve/chat-server/cocosQues/assets/script/BetZoneComponent.ts as cce:/internal/code-quality/cr.mjs.
18:16:54 debug: Resolve cc from file:///Users/eve/chat-server/cocosQues/assets/script/BetZoneComponent.ts as cce:/internal/x/cc.
18:16:54 debug: Resolve cc from file:///Users/eve/chat-server/cocosQues/assets/script/BetZoneComponent.ts as cce:/internal/x/cc.
18:16:54 debug: Resolve cc from file:///Users/eve/chat-server/cocosQues/assets/script/BetZoneComponent.ts as cce:/internal/x/cc.
18:16:54 debug: Resolve ./Config from file:///Users/eve/chat-server/cocosQues/assets/script/BetZoneComponent.ts as file:///Users/eve/chat-server/cocosQues/assets/script/Config.ts.
18:16:54 debug: Inspect file:///Users/eve/chat-server/cocosQues/assets/script/Config.ts
18:16:54 debug: Resolve cc from file:///Users/eve/chat-server/cocosQues/assets/script/Config.ts as cce:/internal/x/cc.
18:16:54 debug: Resolve file:///Users/eve/chat-server/cocosQues/assets/script/BetZoneComponent.ts from cce:/internal/x/prerequisite-imports as file:///Users/eve/chat-server/cocosQues/assets/script/BetZoneComponent.ts.
18:16:54 debug: Resolve file:///Users/eve/chat-server/cocosQues/assets/script/ChipComponent.ts from cce:/internal/x/prerequisite-imports as file:///Users/eve/chat-server/cocosQues/assets/script/ChipComponent.ts.
18:16:54 debug: Inspect file:///Users/eve/chat-server/cocosQues/assets/script/ChipComponent.ts
18:16:54 debug: Resolve cc from file:///Users/eve/chat-server/cocosQues/assets/script/ChipComponent.ts as cce:/internal/x/cc.
18:16:54 debug: Resolve cc from file:///Users/eve/chat-server/cocosQues/assets/script/ChipComponent.ts as cce:/internal/x/cc.
18:16:54 debug: Resolve cc from file:///Users/eve/chat-server/cocosQues/assets/script/ChipComponent.ts as cce:/internal/x/cc.
18:16:54 debug: Resolve file:///Users/eve/chat-server/cocosQues/assets/script/ChipManager.ts from cce:/internal/x/prerequisite-imports as file:///Users/eve/chat-server/cocosQues/assets/script/ChipManager.ts.
18:16:54 debug: Inspect file:///Users/eve/chat-server/cocosQues/assets/script/ChipManager.ts
18:16:54 debug: Resolve cce:/internal/code-quality/cr.mjs from file:///Users/eve/chat-server/cocosQues/assets/script/ChipManager.ts as cce:/internal/code-quality/cr.mjs.
18:16:54 debug: Resolve cc from file:///Users/eve/chat-server/cocosQues/assets/script/ChipManager.ts as cce:/internal/x/cc.
18:16:54 debug: Resolve cc from file:///Users/eve/chat-server/cocosQues/assets/script/ChipManager.ts as cce:/internal/x/cc.
18:16:54 debug: Resolve cc from file:///Users/eve/chat-server/cocosQues/assets/script/ChipManager.ts as cce:/internal/x/cc.
18:16:54 debug: Resolve ./Config from file:///Users/eve/chat-server/cocosQues/assets/script/ChipManager.ts as file:///Users/eve/chat-server/cocosQues/assets/script/Config.ts.
18:16:54 debug: Resolve ./AudioController from file:///Users/eve/chat-server/cocosQues/assets/script/ChipManager.ts as file:///Users/eve/chat-server/cocosQues/assets/script/AudioController.ts.
18:16:54 debug: Resolve file:///Users/eve/chat-server/cocosQues/assets/script/Config.ts from cce:/internal/x/prerequisite-imports as file:///Users/eve/chat-server/cocosQues/assets/script/Config.ts.
18:16:54 debug: Resolve file:///Users/eve/chat-server/cocosQues/assets/script/CountdownTimer.ts from cce:/internal/x/prerequisite-imports as file:///Users/eve/chat-server/cocosQues/assets/script/CountdownTimer.ts.
18:16:54 debug: Inspect file:///Users/eve/chat-server/cocosQues/assets/script/CountdownTimer.ts
18:16:54 debug: Resolve cce:/internal/code-quality/cr.mjs from file:///Users/eve/chat-server/cocosQues/assets/script/CountdownTimer.ts as cce:/internal/code-quality/cr.mjs.
18:16:54 debug: Resolve cc from file:///Users/eve/chat-server/cocosQues/assets/script/CountdownTimer.ts as cce:/internal/x/cc.
18:16:54 debug: Resolve cc from file:///Users/eve/chat-server/cocosQues/assets/script/CountdownTimer.ts as cce:/internal/x/cc.
18:16:54 debug: Resolve cc from file:///Users/eve/chat-server/cocosQues/assets/script/CountdownTimer.ts as cce:/internal/x/cc.
18:16:54 debug: Resolve ./AnimationScript from file:///Users/eve/chat-server/cocosQues/assets/script/CountdownTimer.ts as file:///Users/eve/chat-server/cocosQues/assets/script/AnimationScript.ts.
18:16:54 debug: Resolve ./BetZoneComponent from file:///Users/eve/chat-server/cocosQues/assets/script/CountdownTimer.ts as file:///Users/eve/chat-server/cocosQues/assets/script/BetZoneComponent.ts.
18:16:54 debug: Target(editor) ends with cost 272.9689998626709ms.
18:16:54 debug: Target(preview) build started.
18:16:54 debug: Detected change: cce:/internal/x/cc. Last mtime: Thu Jan 01 1970 07:30:15 GMT+0730 (Singapore Standard Time), Current mtime: Thu Jan 01 1970 07:30:05 GMT+0730 (Singapore Standard Time)
18:16:54 debug: Inspect cce:/internal/x/cc
18:16:54 debug: Resolve cce:/internal/x/cc-fu/2d from cce:/internal/x/cc as external dependency cce:/internal/x/cc-fu/2d.
18:16:54 debug: Resolve cce:/internal/x/cc-fu/sorting from cce:/internal/x/cc as external dependency cce:/internal/x/cc-fu/sorting.
18:16:54 debug: Resolve cce:/internal/x/cc-fu/animation from cce:/internal/x/cc as external dependency cce:/internal/x/cc-fu/animation.
18:16:54 debug: Resolve cce:/internal/x/cc-fu/audio from cce:/internal/x/cc as external dependency cce:/internal/x/cc-fu/audio.
18:16:54 debug: Resolve cce:/internal/x/cc-fu/base from cce:/internal/x/cc as external dependency cce:/internal/x/cc-fu/base.
18:16:54 debug: Resolve cce:/internal/x/cc-fu/custom-pipeline from cce:/internal/x/cc as external dependency cce:/internal/x/cc-fu/custom-pipeline.
18:16:54 debug: Resolve cce:/internal/x/cc-fu/dragon-bones from cce:/internal/x/cc as external dependency cce:/internal/x/cc-fu/dragon-bones.
18:16:54 debug: Resolve cce:/internal/x/cc-fu/gfx-webgl from cce:/internal/x/cc as external dependency cce:/internal/x/cc-fu/gfx-webgl.
18:16:54 debug: Resolve cce:/internal/x/cc-fu/gfx-webgl2 from cce:/internal/x/cc as external dependency cce:/internal/x/cc-fu/gfx-webgl2.
18:16:54 debug: Resolve cce:/internal/x/cc-fu/intersection-2d from cce:/internal/x/cc as external dependency cce:/internal/x/cc-fu/intersection-2d.
18:16:54 debug: Resolve cce:/internal/x/cc-fu/particle-2d from cce:/internal/x/cc as external dependency cce:/internal/x/cc-fu/particle-2d.
18:16:54 debug: Resolve cce:/internal/x/cc-fu/physics-2d-box2d from cce:/internal/x/cc as external dependency cce:/internal/x/cc-fu/physics-2d-box2d.
18:16:54 debug: Resolve cce:/internal/x/cc-fu/physics-2d-framework from cce:/internal/x/cc as external dependency cce:/internal/x/cc-fu/physics-2d-framework.
18:16:54 debug: Resolve cce:/internal/x/cc-fu/profiler from cce:/internal/x/cc as external dependency cce:/internal/x/cc-fu/profiler.
18:16:54 debug: Resolve cce:/internal/x/cc-fu/spine from cce:/internal/x/cc as external dependency cce:/internal/x/cc-fu/spine.
18:16:54 debug: Resolve cce:/internal/x/cc-fu/tiled-map from cce:/internal/x/cc as external dependency cce:/internal/x/cc-fu/tiled-map.
18:16:54 debug: Resolve cce:/internal/x/cc-fu/tween from cce:/internal/x/cc as external dependency cce:/internal/x/cc-fu/tween.
18:16:54 debug: Resolve cce:/internal/x/cc-fu/ui from cce:/internal/x/cc as external dependency cce:/internal/x/cc-fu/ui.
18:16:54 debug: Resolve cce:/internal/x/cc-fu/video from cce:/internal/x/cc as external dependency cce:/internal/x/cc-fu/video.
18:16:54 debug: Resolve cce:/internal/x/cc-fu/webview from cce:/internal/x/cc as external dependency cce:/internal/x/cc-fu/webview.
18:16:54 debug: Detected change: cce:/internal/x/prerequisite-imports. Last mtime: Sun Jan 04 1970 10:12:42 GMT+0730 (Singapore Standard Time), Current mtime: Thu Jan 01 1970 07:30:05 GMT+0730 (Singapore Standard Time)
18:16:54 debug: Inspect cce:/internal/x/prerequisite-imports
18:16:54 debug: Resolve file:///Applications/Cocos/Creator/3.8.4/CocosCreator.app/Contents/Resources/resources/3d/engine/editor/assets/default_renderpipeline/builtin-pipeline-settings.ts from cce:/internal/x/prerequisite-imports as file:///Applications/Cocos/Creator/3.8.4/CocosCreator.app/Contents/Resources/resources/3d/engine/editor/assets/default_renderpipeline/builtin-pipeline-settings.ts.
18:16:54 debug: Resolve cce:/internal/code-quality/cr.mjs from file:///Applications/Cocos/Creator/3.8.4/CocosCreator.app/Contents/Resources/resources/3d/engine/editor/assets/default_renderpipeline/builtin-pipeline-settings.ts as cce:/internal/code-quality/cr.mjs.
18:16:54 debug: Detected change: cce:/internal/code-quality/cr.mjs. Last mtime: Thu Nov 21 2024 15:17:16 GMT+0800 (Singapore Standard Time), Current mtime: Sun Nov 24 2024 18:16:48 GMT+0800 (Singapore Standard Time)
18:16:54 debug: Inspect cce:/internal/code-quality/cr.mjs
18:16:54 debug: Resolve cc from file:///Applications/Cocos/Creator/3.8.4/CocosCreator.app/Contents/Resources/resources/3d/engine/editor/assets/default_renderpipeline/builtin-pipeline-settings.ts as cce:/internal/x/cc.
18:16:54 debug: Resolve cc from file:///Applications/Cocos/Creator/3.8.4/CocosCreator.app/Contents/Resources/resources/3d/engine/editor/assets/default_renderpipeline/builtin-pipeline-settings.ts as cce:/internal/x/cc.
18:16:54 debug: Resolve cc from file:///Applications/Cocos/Creator/3.8.4/CocosCreator.app/Contents/Resources/resources/3d/engine/editor/assets/default_renderpipeline/builtin-pipeline-settings.ts as cce:/internal/x/cc.
18:16:54 debug: Resolve cc/env from file:///Applications/Cocos/Creator/3.8.4/CocosCreator.app/Contents/Resources/resources/3d/engine/editor/assets/default_renderpipeline/builtin-pipeline-settings.ts as external dependency cc/env.
18:16:54 debug: Resolve ./builtin-pipeline-types from file:///Applications/Cocos/Creator/3.8.4/CocosCreator.app/Contents/Resources/resources/3d/engine/editor/assets/default_renderpipeline/builtin-pipeline-settings.ts as file:///Applications/Cocos/Creator/3.8.4/CocosCreator.app/Contents/Resources/resources/3d/engine/editor/assets/default_renderpipeline/builtin-pipeline-types.ts.
18:16:54 debug: Resolve cc from file:///Applications/Cocos/Creator/3.8.4/CocosCreator.app/Contents/Resources/resources/3d/engine/editor/assets/default_renderpipeline/builtin-pipeline-types.ts as cce:/internal/x/cc.
18:16:54 debug: Resolve cc from file:///Applications/Cocos/Creator/3.8.4/CocosCreator.app/Contents/Resources/resources/3d/engine/editor/assets/default_renderpipeline/builtin-pipeline-types.ts as cce:/internal/x/cc.
18:16:54 debug: Resolve cc from file:///Applications/Cocos/Creator/3.8.4/CocosCreator.app/Contents/Resources/resources/3d/engine/editor/assets/default_renderpipeline/builtin-pipeline-types.ts as cce:/internal/x/cc.
18:16:54 debug: Resolve file:///Applications/Cocos/Creator/3.8.4/CocosCreator.app/Contents/Resources/resources/3d/engine/editor/assets/default_renderpipeline/builtin-pipeline-types.ts from cce:/internal/x/prerequisite-imports as file:///Applications/Cocos/Creator/3.8.4/CocosCreator.app/Contents/Resources/resources/3d/engine/editor/assets/default_renderpipeline/builtin-pipeline-types.ts.
18:16:54 debug: Resolve file:///Applications/Cocos/Creator/3.8.4/CocosCreator.app/Contents/Resources/resources/3d/engine/editor/assets/default_renderpipeline/builtin-pipeline.ts from cce:/internal/x/prerequisite-imports as file:///Applications/Cocos/Creator/3.8.4/CocosCreator.app/Contents/Resources/resources/3d/engine/editor/assets/default_renderpipeline/builtin-pipeline.ts.
18:16:54 debug: Resolve cce:/internal/code-quality/cr.mjs from file:///Applications/Cocos/Creator/3.8.4/CocosCreator.app/Contents/Resources/resources/3d/engine/editor/assets/default_renderpipeline/builtin-pipeline.ts as cce:/internal/code-quality/cr.mjs.
18:16:54 debug: Resolve cc from file:///Applications/Cocos/Creator/3.8.4/CocosCreator.app/Contents/Resources/resources/3d/engine/editor/assets/default_renderpipeline/builtin-pipeline.ts as cce:/internal/x/cc.
18:16:54 debug: Resolve cc from file:///Applications/Cocos/Creator/3.8.4/CocosCreator.app/Contents/Resources/resources/3d/engine/editor/assets/default_renderpipeline/builtin-pipeline.ts as cce:/internal/x/cc.
18:16:54 debug: Resolve cc/env from file:///Applications/Cocos/Creator/3.8.4/CocosCreator.app/Contents/Resources/resources/3d/engine/editor/assets/default_renderpipeline/builtin-pipeline.ts as external dependency cc/env.
18:16:54 debug: Resolve cc from file:///Applications/Cocos/Creator/3.8.4/CocosCreator.app/Contents/Resources/resources/3d/engine/editor/assets/default_renderpipeline/builtin-pipeline.ts as cce:/internal/x/cc.
18:16:54 debug: Resolve ./builtin-pipeline-types from file:///Applications/Cocos/Creator/3.8.4/CocosCreator.app/Contents/Resources/resources/3d/engine/editor/assets/default_renderpipeline/builtin-pipeline.ts as file:///Applications/Cocos/Creator/3.8.4/CocosCreator.app/Contents/Resources/resources/3d/engine/editor/assets/default_renderpipeline/builtin-pipeline-types.ts.
18:16:54 debug: Resolve file:///Applications/Cocos/Creator/3.8.4/CocosCreator.app/Contents/Resources/resources/3d/engine/editor/assets/tools/debug-view-runtime-control.ts from cce:/internal/x/prerequisite-imports as file:///Applications/Cocos/Creator/3.8.4/CocosCreator.app/Contents/Resources/resources/3d/engine/editor/assets/tools/debug-view-runtime-control.ts.
18:16:54 debug: Resolve cc from file:///Applications/Cocos/Creator/3.8.4/CocosCreator.app/Contents/Resources/resources/3d/engine/editor/assets/tools/debug-view-runtime-control.ts as cce:/internal/x/cc.
18:16:54 debug: Resolve cc from file:///Applications/Cocos/Creator/3.8.4/CocosCreator.app/Contents/Resources/resources/3d/engine/editor/assets/tools/debug-view-runtime-control.ts as cce:/internal/x/cc.
18:16:54 debug: Resolve cc from file:///Applications/Cocos/Creator/3.8.4/CocosCreator.app/Contents/Resources/resources/3d/engine/editor/assets/tools/debug-view-runtime-control.ts as cce:/internal/x/cc.
18:16:54 debug: Resolve file:///Users/eve/chat-server/cocosQues/assets/script/AnimationScript.ts from cce:/internal/x/prerequisite-imports as file:///Users/eve/chat-server/cocosQues/assets/script/AnimationScript.ts.
18:16:54 debug: Inspect file:///Users/eve/chat-server/cocosQues/assets/script/AnimationScript.ts
18:16:54 debug: Resolve cc from file:///Users/eve/chat-server/cocosQues/assets/script/AnimationScript.ts as cce:/internal/x/cc.
18:16:54 debug: Resolve cc from file:///Users/eve/chat-server/cocosQues/assets/script/AnimationScript.ts as cce:/internal/x/cc.
18:16:54 debug: Resolve cc from file:///Users/eve/chat-server/cocosQues/assets/script/AnimationScript.ts as cce:/internal/x/cc.
18:16:54 debug: Resolve file:///Users/eve/chat-server/cocosQues/assets/script/AudioController.ts from cce:/internal/x/prerequisite-imports as file:///Users/eve/chat-server/cocosQues/assets/script/AudioController.ts.
18:16:54 debug: Inspect file:///Users/eve/chat-server/cocosQues/assets/script/AudioController.ts
18:16:54 debug: Resolve cc from file:///Users/eve/chat-server/cocosQues/assets/script/AudioController.ts as cce:/internal/x/cc.
18:16:54 debug: Resolve cc from file:///Users/eve/chat-server/cocosQues/assets/script/AudioController.ts as cce:/internal/x/cc.
18:16:54 debug: Resolve cc from file:///Users/eve/chat-server/cocosQues/assets/script/AudioController.ts as cce:/internal/x/cc.
18:16:54 debug: Resolve file:///Users/eve/chat-server/cocosQues/assets/script/BetAgain.ts from cce:/internal/x/prerequisite-imports as file:///Users/eve/chat-server/cocosQues/assets/script/BetAgain.ts.
18:16:54 debug: Inspect file:///Users/eve/chat-server/cocosQues/assets/script/BetAgain.ts
18:16:54 debug: Resolve cce:/internal/code-quality/cr.mjs from file:///Users/eve/chat-server/cocosQues/assets/script/BetAgain.ts as cce:/internal/code-quality/cr.mjs.
18:16:54 debug: Resolve cc from file:///Users/eve/chat-server/cocosQues/assets/script/BetAgain.ts as cce:/internal/x/cc.
18:16:54 debug: Resolve cc from file:///Users/eve/chat-server/cocosQues/assets/script/BetAgain.ts as cce:/internal/x/cc.
18:16:54 debug: Resolve cc from file:///Users/eve/chat-server/cocosQues/assets/script/BetAgain.ts as cce:/internal/x/cc.
18:16:54 debug: Resolve ./BetZoneComponent from file:///Users/eve/chat-server/cocosQues/assets/script/BetAgain.ts as file:///Users/eve/chat-server/cocosQues/assets/script/BetZoneComponent.ts.
18:16:54 debug: Inspect file:///Users/eve/chat-server/cocosQues/assets/script/BetZoneComponent.ts
18:16:54 debug: Resolve cce:/internal/code-quality/cr.mjs from file:///Users/eve/chat-server/cocosQues/assets/script/BetZoneComponent.ts as cce:/internal/code-quality/cr.mjs.
18:16:54 debug: Resolve cc from file:///Users/eve/chat-server/cocosQues/assets/script/BetZoneComponent.ts as cce:/internal/x/cc.
18:16:54 debug: Resolve cc from file:///Users/eve/chat-server/cocosQues/assets/script/BetZoneComponent.ts as cce:/internal/x/cc.
18:16:54 debug: Resolve cc from file:///Users/eve/chat-server/cocosQues/assets/script/BetZoneComponent.ts as cce:/internal/x/cc.
18:16:54 debug: Resolve ./Config from file:///Users/eve/chat-server/cocosQues/assets/script/BetZoneComponent.ts as file:///Users/eve/chat-server/cocosQues/assets/script/Config.ts.
18:16:54 debug: Inspect file:///Users/eve/chat-server/cocosQues/assets/script/Config.ts
18:16:54 debug: Resolve cc from file:///Users/eve/chat-server/cocosQues/assets/script/Config.ts as cce:/internal/x/cc.
18:16:54 debug: Resolve file:///Users/eve/chat-server/cocosQues/assets/script/BetZoneComponent.ts from cce:/internal/x/prerequisite-imports as file:///Users/eve/chat-server/cocosQues/assets/script/BetZoneComponent.ts.
18:16:54 debug: Resolve file:///Users/eve/chat-server/cocosQues/assets/script/ChipComponent.ts from cce:/internal/x/prerequisite-imports as file:///Users/eve/chat-server/cocosQues/assets/script/ChipComponent.ts.
18:16:54 debug: Inspect file:///Users/eve/chat-server/cocosQues/assets/script/ChipComponent.ts
18:16:54 debug: Resolve cc from file:///Users/eve/chat-server/cocosQues/assets/script/ChipComponent.ts as cce:/internal/x/cc.
18:16:54 debug: Resolve cc from file:///Users/eve/chat-server/cocosQues/assets/script/ChipComponent.ts as cce:/internal/x/cc.
18:16:54 debug: Resolve cc from file:///Users/eve/chat-server/cocosQues/assets/script/ChipComponent.ts as cce:/internal/x/cc.
18:16:54 debug: Resolve file:///Users/eve/chat-server/cocosQues/assets/script/ChipManager.ts from cce:/internal/x/prerequisite-imports as file:///Users/eve/chat-server/cocosQues/assets/script/ChipManager.ts.
18:16:54 debug: Inspect file:///Users/eve/chat-server/cocosQues/assets/script/ChipManager.ts
18:16:54 debug: Resolve cce:/internal/code-quality/cr.mjs from file:///Users/eve/chat-server/cocosQues/assets/script/ChipManager.ts as cce:/internal/code-quality/cr.mjs.
18:16:54 debug: Resolve cc from file:///Users/eve/chat-server/cocosQues/assets/script/ChipManager.ts as cce:/internal/x/cc.
18:16:54 debug: Resolve cc from file:///Users/eve/chat-server/cocosQues/assets/script/ChipManager.ts as cce:/internal/x/cc.
18:16:54 debug: Resolve cc from file:///Users/eve/chat-server/cocosQues/assets/script/ChipManager.ts as cce:/internal/x/cc.
18:16:54 debug: Resolve ./Config from file:///Users/eve/chat-server/cocosQues/assets/script/ChipManager.ts as file:///Users/eve/chat-server/cocosQues/assets/script/Config.ts.
18:16:54 debug: Resolve ./AudioController from file:///Users/eve/chat-server/cocosQues/assets/script/ChipManager.ts as file:///Users/eve/chat-server/cocosQues/assets/script/AudioController.ts.
18:16:54 debug: Resolve file:///Users/eve/chat-server/cocosQues/assets/script/Config.ts from cce:/internal/x/prerequisite-imports as file:///Users/eve/chat-server/cocosQues/assets/script/Config.ts.
18:16:54 debug: Resolve file:///Users/eve/chat-server/cocosQues/assets/script/CountdownTimer.ts from cce:/internal/x/prerequisite-imports as file:///Users/eve/chat-server/cocosQues/assets/script/CountdownTimer.ts.
18:16:54 debug: Inspect file:///Users/eve/chat-server/cocosQues/assets/script/CountdownTimer.ts
18:16:54 debug: Resolve cce:/internal/code-quality/cr.mjs from file:///Users/eve/chat-server/cocosQues/assets/script/CountdownTimer.ts as cce:/internal/code-quality/cr.mjs.
18:16:54 debug: Resolve cc from file:///Users/eve/chat-server/cocosQues/assets/script/CountdownTimer.ts as cce:/internal/x/cc.
18:16:54 debug: Resolve cc from file:///Users/eve/chat-server/cocosQues/assets/script/CountdownTimer.ts as cce:/internal/x/cc.
18:16:54 debug: Resolve cc from file:///Users/eve/chat-server/cocosQues/assets/script/CountdownTimer.ts as cce:/internal/x/cc.
18:16:54 debug: Resolve ./AnimationScript from file:///Users/eve/chat-server/cocosQues/assets/script/CountdownTimer.ts as file:///Users/eve/chat-server/cocosQues/assets/script/AnimationScript.ts.
18:16:54 debug: Resolve ./BetZoneComponent from file:///Users/eve/chat-server/cocosQues/assets/script/CountdownTimer.ts as file:///Users/eve/chat-server/cocosQues/assets/script/BetZoneComponent.ts.
18:16:54 debug: Target(preview) ends with cost 201.37766695022583ms.
18:16:55 debug: Pulling asset-db.
18:16:55 debug: Fetch asset-db cost: 316.48016595840454ms.
18:16:55 debug: Build iteration starts.
Number of accumulated asset changes: 12
Feature changed: false
18:16:55 debug: Target(editor) build started.
18:16:55 debug: Detected change: cce:/internal/x/prerequisite-imports. Last mtime: Thu Jan 01 1970 07:30:05 GMT+0730 (Singapore Standard Time), Current mtime: Thu Jan 01 1970 07:30:06 GMT+0730 (Singapore Standard Time)
18:16:55 debug: Inspect cce:/internal/x/prerequisite-imports
18:16:55 debug: Resolve file:///Applications/Cocos/Creator/3.8.4/CocosCreator.app/Contents/Resources/resources/3d/engine/editor/assets/default_renderpipeline/builtin-pipeline-settings.ts from cce:/internal/x/prerequisite-imports as file:///Applications/Cocos/Creator/3.8.4/CocosCreator.app/Contents/Resources/resources/3d/engine/editor/assets/default_renderpipeline/builtin-pipeline-settings.ts.
18:16:55 debug: Resolve file:///Applications/Cocos/Creator/3.8.4/CocosCreator.app/Contents/Resources/resources/3d/engine/editor/assets/default_renderpipeline/builtin-pipeline-types.ts from cce:/internal/x/prerequisite-imports as file:///Applications/Cocos/Creator/3.8.4/CocosCreator.app/Contents/Resources/resources/3d/engine/editor/assets/default_renderpipeline/builtin-pipeline-types.ts.
18:16:55 debug: Resolve file:///Applications/Cocos/Creator/3.8.4/CocosCreator.app/Contents/Resources/resources/3d/engine/editor/assets/default_renderpipeline/builtin-pipeline.ts from cce:/internal/x/prerequisite-imports as file:///Applications/Cocos/Creator/3.8.4/CocosCreator.app/Contents/Resources/resources/3d/engine/editor/assets/default_renderpipeline/builtin-pipeline.ts.
18:16:55 debug: Resolve file:///Applications/Cocos/Creator/3.8.4/CocosCreator.app/Contents/Resources/resources/3d/engine/editor/assets/tools/debug-view-runtime-control.ts from cce:/internal/x/prerequisite-imports as file:///Applications/Cocos/Creator/3.8.4/CocosCreator.app/Contents/Resources/resources/3d/engine/editor/assets/tools/debug-view-runtime-control.ts.
18:16:55 debug: Resolve file:///Users/eve/chat-server/cocosQues/assets/script/AnimationScript.ts from cce:/internal/x/prerequisite-imports as file:///Users/eve/chat-server/cocosQues/assets/script/AnimationScript.ts.
18:16:55 debug: Resolve file:///Users/eve/chat-server/cocosQues/assets/script/AudioController.ts from cce:/internal/x/prerequisite-imports as file:///Users/eve/chat-server/cocosQues/assets/script/AudioController.ts.
18:16:55 debug: Resolve file:///Users/eve/chat-server/cocosQues/assets/script/BetAgain.ts from cce:/internal/x/prerequisite-imports as file:///Users/eve/chat-server/cocosQues/assets/script/BetAgain.ts.
18:16:55 debug: Resolve file:///Users/eve/chat-server/cocosQues/assets/script/BetZoneComponent.ts from cce:/internal/x/prerequisite-imports as file:///Users/eve/chat-server/cocosQues/assets/script/BetZoneComponent.ts.
18:16:55 debug: Resolve file:///Users/eve/chat-server/cocosQues/assets/script/ChipComponent.ts from cce:/internal/x/prerequisite-imports as file:///Users/eve/chat-server/cocosQues/assets/script/ChipComponent.ts.
18:16:55 debug: Resolve file:///Users/eve/chat-server/cocosQues/assets/script/ChipManager.ts from cce:/internal/x/prerequisite-imports as file:///Users/eve/chat-server/cocosQues/assets/script/ChipManager.ts.
18:16:55 debug: Resolve file:///Users/eve/chat-server/cocosQues/assets/script/Config.ts from cce:/internal/x/prerequisite-imports as file:///Users/eve/chat-server/cocosQues/assets/script/Config.ts.
18:16:55 debug: Resolve file:///Users/eve/chat-server/cocosQues/assets/script/CountdownTimer.ts from cce:/internal/x/prerequisite-imports as file:///Users/eve/chat-server/cocosQues/assets/script/CountdownTimer.ts.
18:16:55 debug: Target(editor) ends with cost 16.954290866851807ms.
18:16:55 debug: Target(preview) build started.
18:16:55 debug: Detected change: cce:/internal/x/prerequisite-imports. Last mtime: Thu Jan 01 1970 07:30:05 GMT+0730 (Singapore Standard Time), Current mtime: Thu Jan 01 1970 07:30:06 GMT+0730 (Singapore Standard Time)
18:16:55 debug: Inspect cce:/internal/x/prerequisite-imports
18:16:55 debug: Resolve file:///Applications/Cocos/Creator/3.8.4/CocosCreator.app/Contents/Resources/resources/3d/engine/editor/assets/default_renderpipeline/builtin-pipeline-settings.ts from cce:/internal/x/prerequisite-imports as file:///Applications/Cocos/Creator/3.8.4/CocosCreator.app/Contents/Resources/resources/3d/engine/editor/assets/default_renderpipeline/builtin-pipeline-settings.ts.
18:16:55 debug: Resolve file:///Applications/Cocos/Creator/3.8.4/CocosCreator.app/Contents/Resources/resources/3d/engine/editor/assets/default_renderpipeline/builtin-pipeline-types.ts from cce:/internal/x/prerequisite-imports as file:///Applications/Cocos/Creator/3.8.4/CocosCreator.app/Contents/Resources/resources/3d/engine/editor/assets/default_renderpipeline/builtin-pipeline-types.ts.
18:16:55 debug: Resolve file:///Applications/Cocos/Creator/3.8.4/CocosCreator.app/Contents/Resources/resources/3d/engine/editor/assets/default_renderpipeline/builtin-pipeline.ts from cce:/internal/x/prerequisite-imports as file:///Applications/Cocos/Creator/3.8.4/CocosCreator.app/Contents/Resources/resources/3d/engine/editor/assets/default_renderpipeline/builtin-pipeline.ts.
18:16:55 debug: Resolve file:///Applications/Cocos/Creator/3.8.4/CocosCreator.app/Contents/Resources/resources/3d/engine/editor/assets/tools/debug-view-runtime-control.ts from cce:/internal/x/prerequisite-imports as file:///Applications/Cocos/Creator/3.8.4/CocosCreator.app/Contents/Resources/resources/3d/engine/editor/assets/tools/debug-view-runtime-control.ts.
18:16:55 debug: Resolve file:///Users/eve/chat-server/cocosQues/assets/script/AnimationScript.ts from cce:/internal/x/prerequisite-imports as file:///Users/eve/chat-server/cocosQues/assets/script/AnimationScript.ts.
18:16:55 debug: Resolve file:///Users/eve/chat-server/cocosQues/assets/script/AudioController.ts from cce:/internal/x/prerequisite-imports as file:///Users/eve/chat-server/cocosQues/assets/script/AudioController.ts.
18:16:55 debug: Resolve file:///Users/eve/chat-server/cocosQues/assets/script/BetAgain.ts from cce:/internal/x/prerequisite-imports as file:///Users/eve/chat-server/cocosQues/assets/script/BetAgain.ts.
18:16:55 debug: Resolve file:///Users/eve/chat-server/cocosQues/assets/script/BetZoneComponent.ts from cce:/internal/x/prerequisite-imports as file:///Users/eve/chat-server/cocosQues/assets/script/BetZoneComponent.ts.
18:16:55 debug: Resolve file:///Users/eve/chat-server/cocosQues/assets/script/ChipComponent.ts from cce:/internal/x/prerequisite-imports as file:///Users/eve/chat-server/cocosQues/assets/script/ChipComponent.ts.
18:16:55 debug: Resolve file:///Users/eve/chat-server/cocosQues/assets/script/ChipManager.ts from cce:/internal/x/prerequisite-imports as file:///Users/eve/chat-server/cocosQues/assets/script/ChipManager.ts.
18:16:55 debug: Resolve file:///Users/eve/chat-server/cocosQues/assets/script/Config.ts from cce:/internal/x/prerequisite-imports as file:///Users/eve/chat-server/cocosQues/assets/script/Config.ts.
18:16:55 debug: Resolve file:///Users/eve/chat-server/cocosQues/assets/script/CountdownTimer.ts from cce:/internal/x/prerequisite-imports as file:///Users/eve/chat-server/cocosQues/assets/script/CountdownTimer.ts.
18:16:55 debug: Target(preview) ends with cost 18.14341688156128ms.
